<?xml version="1.0" encoding="UTF-8"?>
<!-- Generated by org.testng.reporters.JUnitReportReporter -->
<testsuite hostname="LIN-PG02HH9C" failures="0" tests="1" name="runner_test.Runner" time="0.223" errors="0" timestamp="2024-03-18T14:58:53 IST" skipped="0">
  <testcase classname="runner_test.Runner" name="runScenario" time="0.223"/>
  <system-out/>
</testsuite> <!-- runner_test.Runner -->
